number,value,state,params_batch_size,params_beta1_d,params_beta1_g,params_beta2_d,params_beta2_g,params_lr_d,params_lr_g
0,480.4835544551064,COMPLETE,128,0.3721838897837159,0.0487730625624028,0.705899598703175,0.986670342275783,0.006395783985587314,0.0019141192835028858
1,460.0862412965065,COMPLETE,128,0.1530805599594103,0.08885178718355456,0.8484954001834584,0.6010386270014972,0.0068381696623048185,0.002766415991991392
2,480.9723697692985,COMPLETE,64,0.30231393412791235,0.38557608975396895,0.5149750911601532,0.6532513873841049,0.00154087141006813,0.005769057527909881
3,397.6712205584855,COMPLETE,128,0.5999642807938389,0.07643004026089643,0.5737733496041333,0.9562775857845867,0.009763528810377835,0.0003936612522724648
4,406.8931721295353,COMPLETE,128,0.8449788092046091,0.7502463547497775,0.6658128792859527,0.8282260594266806,0.0018230458740081275,0.009820183750547046
5,381.58321020264407,COMPLETE,32,0.28151308772622285,0.9746043644520577,0.687680471468271,0.9806336340907892,0.003356671336402318,0.006295739803485137
6,508.0844296060842,COMPLETE,64,0.9028702357336827,0.11940692319722505,0.8303097892294802,0.6485096703891489,0.007238296052621883,0.0008219398482107013
7,406.2071086356927,COMPLETE,32,0.7925549009687352,0.8776451865811252,0.9692309713287366,0.7785765353414135,0.00813195457841896,0.00954947815202267
8,512.1561505748459,COMPLETE,128,0.18238799254774024,0.8156077846843915,0.6863938315327567,0.726107359209363,0.0054761120909667645,0.0004381403213182067
9,490.8926861394285,COMPLETE,64,0.9564810995979238,0.4271543712929246,0.6983378503107337,0.9011652240313116,0.007215342107964928,0.0012317083876805888
10,376.9691931950937,COMPLETE,32,0.5827514988872197,0.5894699976099353,0.810942943360137,0.5052065215716065,0.003315897354102153,0.006443628981185254
11,456.786742476183,COMPLETE,32,0.5728921576785441,0.6521993742889267,0.8117892938501204,0.5456632626514331,0.003489970815414552,0.006665646864918211
12,424.9161495400724,COMPLETE,32,0.4610092441806034,0.9591283006026288,0.926625036983607,0.5243844845294456,0.0034823472335926337,0.0074470078554306485
13,462.13991401952745,COMPLETE,32,0.6600482872149889,0.574024294293235,0.7737747935341299,0.8517308456174914,0.0035845939768669706,0.003965899350053328
14,392.3324031801792,COMPLETE,32,0.30178228826423054,0.9812903298207392,0.6230328080093946,0.7173628424398524,0.0002645810399656487,0.007894457947587443
15,363.1435363718754,COMPLETE,32,0.03278428079275647,0.2759352324588139,0.8823434407444786,0.9236637440353582,0.004610913987496268,0.00466763260481778
16,428.3723228071546,COMPLETE,32,0.02995712191966822,0.26981766785448325,0.8710500841691043,0.8939423546280568,0.004472001654591289,0.004765177750914982
17,452.0574560085305,COMPLETE,32,0.7241361523991835,0.27802095764209683,0.899836602325236,0.7868231816967941,0.00491384655805549,0.0036359310302906244
18,392.71403360269903,COMPLETE,32,0.4694297146890199,0.5698337085897042,0.9843510517473926,0.5968256439599126,0.002306509639563358,0.008428615570738356
19,297.5867967238533,COMPLETE,32,0.05002410376777078,0.21423866474740016,0.7649785030856159,0.6816116349930742,0.00031015760945238193,0.005371977414945994
20,607.8684443925376,COMPLETE,64,0.06203511000252421,0.21948172127245955,0.7589861592731287,0.6810587126289652,0.0006733410729899561,0.005066494467267671
21,395.20592782891043,COMPLETE,32,0.15128396370890268,0.39848732062772324,0.8005889863745833,0.5084728999273819,0.0025771428960471095,0.005268260980600502
22,388.35912182376126,COMPLETE,32,0.0037146953085718873,0.16421075099478047,0.9212200749846621,0.5788920013544486,0.001088030405069505,0.004113896089796891
23,397.5196595824433,COMPLETE,32,0.2065561218009548,0.3329840410818302,0.7392345244284354,0.9287985425124335,0.0058356600158839325,0.006668136595075084
24,414.13553852485586,COMPLETE,32,0.10422176344692642,0.49728022298480257,0.7899643481676399,0.8480823661696901,0.004321459407931592,0.0031612774714535213
25,188.8390959300351,COMPLETE,32,0.40320509115217174,0.4961774151948016,0.8840975111628688,0.6672895821551265,6.832093667659758e-05,0.004685430936533053
26,260.4907498996254,COMPLETE,32,0.40164504767960296,0.4798243405117336,0.8896525454891937,0.6823016058536643,0.0003400737728121127,0.0044836743084036975
27,400.44669492110665,COMPLETE,32,0.39542361510374524,0.4660137526670556,0.9474364955192424,0.6890484961132073,1.3249642561025738e-05,0.0019343599108715345
28,433.95977512186266,COMPLETE,32,0.39146806888731794,0.7047998261633704,0.848175551273522,0.6283685523681382,0.0009595521281328141,0.005703059563378837
29,501.60372670525965,COMPLETE,64,0.5198842750322229,0.484001397020148,0.7220990498820625,0.7590994687004431,0.0017000098876166951,0.0025432092909837456
30,382.84968017182854,COMPLETE,128,0.2634483588840678,0.34607593381020396,0.906116770140596,0.6937490428684245,3.527383093354479e-05,0.004247968909103765
31,468.35995774085745,COMPLETE,32,0.07352450992605086,0.023584864801522193,0.8780761885253171,0.7376315802337212,0.0010142134209093782,0.0046388158434203745
32,405.7041696076192,COMPLETE,32,0.22686329313229348,0.23138724394914875,0.8683926745011054,0.6307993764725369,0.0024253301368519437,0.0032540290582710055
33,468.53088076446727,COMPLETE,32,0.3448956996356576,0.16059053640503634,0.9492737344427786,0.6678456389854303,0.0005594823754719964,0.00560829978224903
34,478.19481243927646,COMPLETE,32,0.09849528155549575,0.3234042924559715,0.8939432180253664,0.8067077703360054,0.00955907464483941,0.004468414866418554
35,482.7113639554505,COMPLETE,128,0.33899163967718327,0.5345518271412116,0.8511300894980638,0.7103210220798064,0.0016952176322923332,0.0024506785363337127
36,427.66931621798915,COMPLETE,32,0.13728253883034175,0.43173188439081767,0.9989508494158347,0.5661794432597992,0.001412699209242912,0.003528757423968542
37,384.6851008987111,COMPLETE,64,0.41551348751088296,0.3705271423706372,0.5242279765225952,0.9980215872842422,0.008381191581501218,0.005876613243718851
38,436.04180837608834,COMPLETE,128,0.23524570639718853,0.635558470598272,0.6524990196259075,0.6487561825186109,0.002751165215954837,0.005198237704996549
39,379.7279589602,COMPLETE,32,0.6627575860539845,0.07074638237568337,0.8450945540045589,0.7564545596245944,0.0019407603150562636,0.005896993501462754
40,473.06032510268324,COMPLETE,32,0.1683271403903731,0.14711486354732167,0.940754584654179,0.7033324535087564,0.006222206632393449,0.0073307970012535945
41,468.05063673258985,COMPLETE,32,0.5438683848531307,0.6207812534200977,0.8289771008688327,0.613795670460372,0.000562736219694461,0.0064092656417895615
42,400.41964034128824,COMPLETE,32,0.605841518267509,0.7456108810877236,0.8118819385668743,0.6592443872135512,0.004118380255035042,0.007166239927375312
43,497.61563844634605,COMPLETE,32,0.4388913884165305,0.5178565718412226,0.7707870359002886,0.5511538733915013,0.0029287348374536755,0.005335245182755615
44,432.7344005831893,COMPLETE,32,0.8642951254870925,0.5751537068917828,0.7393164020527219,0.59750299046801,0.005189971928330583,0.006272441420429966
45,470.6335780505808,COMPLETE,32,0.7536166754162934,0.4394702404761127,0.824058160708106,0.9501432789186703,0.0013080753311912772,0.004707694685689724
46,467.51286597273105,COMPLETE,128,0.49193565142213513,0.2992269541687696,0.7817850387616679,0.8687708672339324,0.003815348033943339,0.0038602306211116405
47,427.9717052919561,COMPLETE,64,0.5865699626947836,0.6946003952049409,0.8886146911544385,0.8075271493087687,0.004724558834412571,0.006812389405683078
48,527.016321747168,COMPLETE,32,0.6959642171627041,0.2177034427121165,0.9194424248832983,0.7268632929596172,0.0030925388068135866,0.00812087380642653
49,406.0728351188987,COMPLETE,32,0.34624591995107623,0.8424978761054537,0.7154283681272942,0.7814648444820724,0.0005221675659871359,0.004788836765767785
50,436.6298126476528,COMPLETE,32,0.03121407684134752,0.39818656078813947,0.8656823276951721,0.6733535495933491,0.0019372350435581968,0.004359526901928327
51,365.61196474789324,COMPLETE,32,0.6503104033654254,0.09702756432213588,0.8534509700385601,0.745194950960484,0.002022853286199066,0.006092145879508565
52,490.91510410543464,COMPLETE,32,0.642028549307286,0.11326146452628408,0.8038425850515767,0.7395950313211891,0.0022936116841762197,0.009222309199492212
53,399.7327980287641,COMPLETE,32,0.7946333029286708,0.25243569860129017,0.8433349114134335,0.6333490845286195,0.003946494219244283,0.0062672713507927556
54,384.3089977429791,COMPLETE,32,0.5380508268492662,0.033310957974044764,0.9054079868511893,0.7555966007329105,0.0031979349458124365,0.006030309418612495
55,375.84073021111584,COMPLETE,32,0.6334222585139736,0.5472654427388616,0.7545844893327849,0.8137942381066833,0.0008756938364243215,0.005447855139560982
56,149.63782560831862,COMPLETE,32,0.6177642460415782,0.18521804804270395,0.9701916606242013,0.9124628797757849,0.00026398124916180793,0.005516024485143059
57,518.3491097400225,COMPLETE,32,0.784948529671837,0.18926727907741514,0.9618007180803694,0.9096920891198143,0.0002864689276281785,0.0048165169188449574
58,406.22977813454725,COMPLETE,64,0.9765289399501822,0.09815201503410945,0.9291681849657945,0.9700361744357162,0.0012473621017387612,0.0051557259815504545
59,146.7297047330922,COMPLETE,32,0.7094395859912074,0.06869212239107096,0.9682943477450967,0.8854619835263324,0.00019152069198066692,0.0038898709252005214
